<?xml version="1.0" encoding="UTF-8"?>
<!-- Generated by org.testng.reporters.JUnitReportReporter -->
<testsuite hostname="srinivass-mbp.lan" failures="0" tests="1" name="com.qa.test.GetAPITest" time="0.509" errors="0" timestamp="2021-01-27T23:17:13 CST" skipped="0">
  <testcase classname="com.qa.test.GetAPITest" name="getUserTest" time="0.509"/>
  <system-out/>
</testsuite> <!-- com.qa.test.GetAPITest -->
