<?xml version="1.0" encoding="UTF-8"?>
<!-- Generated by org.testng.reporters.JUnitReportReporter -->
<testsuite hostname="srinivass-mbp.lan" failures="0" tests="1" name="com.qa.test.POSTAPITest" time="0.958" errors="0" timestamp="2021-01-28T12:46:05 CST" skipped="0">
  <testcase classname="com.qa.test.POSTAPITest" name="postCreateUserTest" time="0.958"/>
  <system-out/>
</testsuite> <!-- com.qa.test.POSTAPITest -->
